La génération a démarré 2015-11-19 12:27:17.
     1>Projet "X:\Documents\INF8702\Projet\Projet.vcxproj" sur le nœud 2 (Build cible(s)).
     1>ClCompile:
         C:\Program Files (x86)\Microsoft Visual Studio 12.0\VC\bin\CL.exe /c /Iglew\include /Iglut\include /ZI /nologo /W3 /WX- /Od /Oy- /D WIN32 /D _DEBUG /D _CONSOLE /D _UNICODE /D UNICODE /Gm /EHsc /RTC1 /MDd /GS /fp:precise /Zc:wchar_t /Zc:forScope /Fo"Debug\\" /Fd"Debug\vc120.pdb" /Gd /TP /analyze- /errorReport:prompt Cst.cpp main.cpp NuanceurProg.cpp textfile.cpp Var.cpp
         Var.cpp
         textfile.cpp
     1>x:\documents\inf8702\projet\textfile.cpp(27): warning C4996: 'fopen': This function or variable may be unsafe. Consider using fopen_s instead. To disable deprecation, use _CRT_SECURE_NO_WARNINGS. See online help for details.
                 c:\program files (x86)\microsoft visual studio 12.0\vc\include\stdio.h(211) : voir la déclaration de 'fopen'
     1>x:\documents\inf8702\projet\textfile.cpp(52): warning C4996: 'fopen': This function or variable may be unsafe. Consider using fopen_s instead. To disable deprecation, use _CRT_SECURE_NO_WARNINGS. See online help for details.
                 c:\program files (x86)\microsoft visual studio 12.0\vc\include\stdio.h(211) : voir la déclaration de 'fopen'
         NuanceurProg.cpp
         main.cpp
     1>x:\documents\inf8702\projet\main.cpp(634): warning C4996: 'fopen': This function or variable may be unsafe. Consider using fopen_s instead. To disable deprecation, use _CRT_SECURE_NO_WARNINGS. See online help for details.
                 c:\program files (x86)\microsoft visual studio 12.0\vc\include\stdio.h(211) : voir la déclaration de 'fopen'
         Cst.cpp
         Génération de code en cours...
       Link:
         C:\Program Files (x86)\Microsoft Visual Studio 12.0\VC\bin\link.exe /ERRORREPORT:PROMPT /OUT:"X:\Documents\INF8702\Projet\Debug\Projet.exe" /INCREMENTAL /NOLOGO /LIBPATH:glew\lib /LIBPATH:glut\lib glew32.lib kernel32.lib user32.lib gdi32.lib winspool.lib comdlg32.lib advapi32.lib shell32.lib ole32.lib oleaut32.lib uuid.lib odbc32.lib odbccp32.lib /MANIFEST /MANIFESTUAC:"level='asInvoker' uiAccess='false'" /manifest:embed /DEBUG /PDB:"X:\Documents\INF8702\Projet\Debug\Projet.pdb" /SUBSYSTEM:CONSOLE /TLBID:1 /DYNAMICBASE /NXCOMPAT /IMPLIB:"X:\Documents\INF8702\Projet\Debug\Projet.lib" /MACHINE:X86 /SAFESEH Debug\Cst.obj
         Debug\main.obj
         Debug\NuanceurProg.obj
         Debug\textfile.obj
         Debug\Var.obj
     1>Cst.obj : warning LNK4075: ' /EDITANDCONTINUE' ignoré à cause de la spécification '/SAFESEH'
         Projet.vcxproj -> X:\Documents\INF8702\Projet\Debug\Projet.exe
     1>Génération du projet "X:\Documents\INF8702\Projet\Projet.vcxproj" terminée (Build cible(s)).

La génération a réussi.

Temps écoulé 00:00:04.99
