Build started 11/18/2015 3:59:22 PM.
     1>Project "E:\Ecole\Session 7\INF8702 - Infographie Avancee\TPs\Projet_Code_1631103_1637122\Projet\TP1v2.vcxproj" on node 2 (Build target(s)).
     1>C:\Program Files (x86)\MSBuild\Microsoft.Cpp\v4.0\V140\Microsoft.CppBuild.targets(392,5): warning MSB8028: The intermediate directory (Debug\) contains files shared from another project (TP1v2.vcxproj).  This can lead to incorrect clean and rebuild behavior.
     1>ClCompile:
         E:\Microsoft Visual Studio 14.0\VC\bin\CL.exe /c /Iglew\include /Iglut\include /ZI /nologo /W3 /WX- /Od /Oy- /D WIN32 /D _DEBUG /D _CONSOLE /D _UNICODE /D UNICODE /Gm /EHsc /RTC1 /MDd /GS /fp:precise /Zc:wchar_t /Zc:forScope /Zc:inline /Fo"Debug\\" /Fd"Debug\vc140.pdb" /Gd /TP /analyze- /errorReport:prompt Cst.cpp Global.cpp main.cpp NuanceurProg.cpp textfile.cpp Var.cpp
         Var.cpp
     1>c:\program files (x86)\windows kits\10\include\10.0.10150.0\ucrt\stdlib.h(50): error C2381: 'exit': redefinition; __declspec(noreturn) differs
         e:\ecole\session 7\inf8702 - infographie avancee\tps\projet_code_1631103_1637122\projet\glut\include\gl\glut.h(146): note: see declaration of 'exit'
         textfile.cpp
     1>e:\ecole\session 7\inf8702 - infographie avancee\tps\projet_code_1631103_1637122\projet\textfile.cpp(27): warning C4996: 'fopen': This function or variable may be unsafe. Consider using fopen_s instead. To disable deprecation, use _CRT_SECURE_NO_WARNINGS. See online help for details.
         c:\program files (x86)\windows kits\10\include\10.0.10150.0\ucrt\stdio.h(205): note: see declaration of 'fopen'
     1>e:\ecole\session 7\inf8702 - infographie avancee\tps\projet_code_1631103_1637122\projet\textfile.cpp(52): warning C4996: 'fopen': This function or variable may be unsafe. Consider using fopen_s instead. To disable deprecation, use _CRT_SECURE_NO_WARNINGS. See online help for details.
         c:\program files (x86)\windows kits\10\include\10.0.10150.0\ucrt\stdio.h(205): note: see declaration of 'fopen'
         NuanceurProg.cpp
         main.cpp
     1>c:\program files (x86)\windows kits\10\include\10.0.10150.0\ucrt\stdlib.h(50): error C2381: 'exit': redefinition; __declspec(noreturn) differs
         e:\ecole\session 7\inf8702 - infographie avancee\tps\projet_code_1631103_1637122\projet\glut\include\gl\glut.h(146): note: see declaration of 'exit'
         Global.cpp
     1>c:\program files (x86)\windows kits\10\include\10.0.10150.0\ucrt\stdlib.h(50): error C2381: 'exit': redefinition; __declspec(noreturn) differs
         e:\ecole\session 7\inf8702 - infographie avancee\tps\projet_code_1631103_1637122\projet\glut\include\gl\glut.h(146): note: see declaration of 'exit'
         Cst.cpp
         Generating Code...
     1>Done Building Project "E:\Ecole\Session 7\INF8702 - Infographie Avancee\TPs\Projet_Code_1631103_1637122\Projet\TP1v2.vcxproj" (Build target(s)) -- FAILED.

Build FAILED.

Time Elapsed 00:00:01.04
